{"C:\\Users\\Antonis Tramigos\\OneDrive\\AUEB\\coding-factory\\codingFactory5\\cp20\\NewApp2\\app.js": {"path":"C:\\Users\\Antonis Tramigos\\OneDrive\\AUEB\\coding-factory\\codingFactory5\\cp20\\NewApp2\\app.js","statementMap":{"0":{"start":{"line":1,"column":16},"end":{"line":1,"column":34}},"1":{"start":{"line":2,"column":12},"end":{"line":2,"column":21}},"2":{"start":{"line":4,"column":17},"end":{"line":4,"column":36}},"3":{"start":{"line":6,"column":0},"end":{"line":6,"column":27}},"4":{"start":{"line":8,"column":0},"end":{"line":8,"column":24}},"5":{"start":{"line":10,"column":18},"end":{"line":10,"column":47}},"6":{"start":{"line":11,"column":24},"end":{"line":11,"column":44}},"7":{"start":{"line":13,"column":0},"end":{"line":17,"column":4}},"8":{"start":{"line":15,"column":12},"end":{"line":15,"column":60}},"9":{"start":{"line":16,"column":13},"end":{"line":16,"column":61}},"10":{"start":{"line":19,"column":13},"end":{"line":19,"column":28}},"11":{"start":{"line":20,"column":0},"end":{"line":23,"column":3}},"12":{"start":{"line":25,"column":13},"end":{"line":25,"column":43}},"13":{"start":{"line":26,"column":20},"end":{"line":26,"column":60}},"14":{"start":{"line":28,"column":0},"end":{"line":28,"column":38}},"15":{"start":{"line":29,"column":0},"end":{"line":29,"column":27}},"16":{"start":{"line":30,"column":0},"end":{"line":30,"column":42}},"17":{"start":{"line":32,"column":0},"end":{"line":35,"column":1}},"18":{"start":{"line":41,"column":0},"end":{"line":41,"column":21}}},"fnMap":{"0":{"name":"(anonymous_0)","decl":{"start":{"line":15,"column":4},"end":{"line":15,"column":5}},"loc":{"start":{"line":15,"column":10},"end":{"line":15,"column":61}},"line":15},"1":{"name":"(anonymous_1)","decl":{"start":{"line":16,"column":4},"end":{"line":16,"column":5}},"loc":{"start":{"line":16,"column":11},"end":{"line":16,"column":62}},"line":16}},"branchMap":{},"s":{"0":1,"1":1,"2":1,"3":1,"4":1,"5":1,"6":1,"7":1,"8":1,"9":0,"10":1,"11":1,"12":1,"13":1,"14":1,"15":1,"16":1,"17":1,"18":1},"f":{"0":1,"1":0},"b":{},"_coverageSchema":"1a1c01bbd47fc00a2c39e90264f33305004495a9","hash":"7854dede87c8296e419bdb989192fbcc77470883"}
,"C:\\Users\\Antonis Tramigos\\OneDrive\\AUEB\\coding-factory\\codingFactory5\\cp20\\NewApp2\\swagger.js": {"path":"C:\\Users\\Antonis Tramigos\\OneDrive\\AUEB\\coding-factory\\codingFactory5\\cp20\\NewApp2\\swagger.js","statementMap":{"0":{"start":{"line":1,"column":12},"end":{"line":1,"column":42}},"1":{"start":{"line":2,"column":13},"end":{"line":2,"column":43}},"2":{"start":{"line":3,"column":16},"end":{"line":3,"column":49}},"3":{"start":{"line":5,"column":0},"end":{"line":209,"column":1}}},"fnMap":{},"branchMap":{},"s":{"0":1,"1":1,"2":1,"3":1},"f":{},"b":{},"_coverageSchema":"1a1c01bbd47fc00a2c39e90264f33305004495a9","hash":"3038d791da55890b782e283c645f11cd9ff7fdaa"}
,"C:\\Users\\Antonis Tramigos\\OneDrive\\AUEB\\coding-factory\\codingFactory5\\cp20\\NewApp2\\controllers\\user.controller.js": {"path":"C:\\Users\\Antonis Tramigos\\OneDrive\\AUEB\\coding-factory\\codingFactory5\\cp20\\NewApp2\\controllers\\user.controller.js","statementMap":{"0":{"start":{"line":1,"column":13},"end":{"line":1,"column":44}},"1":{"start":{"line":2,"column":15},"end":{"line":2,"column":42}},"2":{"start":{"line":4,"column":0},"end":{"line":14,"column":1}},"3":{"start":{"line":5,"column":4},"end":{"line":5,"column":34}},"4":{"start":{"line":6,"column":4},"end":{"line":13,"column":5}},"5":{"start":{"line":7,"column":23},"end":{"line":7,"column":40}},"6":{"start":{"line":8,"column":4},"end":{"line":8,"column":42}},"7":{"start":{"line":9,"column":4},"end":{"line":9,"column":49}},"8":{"start":{"line":10,"column":4},"end":{"line":10,"column":47}},"9":{"start":{"line":12,"column":8},"end":{"line":12,"column":52}},"10":{"start":{"line":15,"column":0},"end":{"line":24,"column":1}},"11":{"start":{"line":16,"column":4},"end":{"line":16,"column":33}},"12":{"start":{"line":17,"column":21},"end":{"line":17,"column":40}},"13":{"start":{"line":18,"column":4},"end":{"line":22,"column":52}},"14":{"start":{"line":19,"column":23},"end":{"line":19,"column":62}},"15":{"start":{"line":20,"column":8},"end":{"line":20,"column":44}},"16":{"start":{"line":22,"column":8},"end":{"line":22,"column":51}},"17":{"start":{"line":25,"column":0},"end":{"line":49,"column":1}},"18":{"start":{"line":26,"column":4},"end":{"line":26,"column":30}},"19":{"start":{"line":28,"column":4},"end":{"line":28,"column":26}},"20":{"start":{"line":29,"column":20},"end":{"line":38,"column":8}},"21":{"start":{"line":40,"column":4},"end":{"line":48,"column":5}},"22":{"start":{"line":41,"column":23},"end":{"line":41,"column":43}},"23":{"start":{"line":42,"column":8},"end":{"line":42,"column":44}},"24":{"start":{"line":43,"column":8},"end":{"line":43,"column":34}},"25":{"start":{"line":46,"column":8},"end":{"line":46,"column":49}},"26":{"start":{"line":47,"column":8},"end":{"line":47,"column":42}},"27":{"start":{"line":50,"column":0},"end":{"line":74,"column":1}},"28":{"start":{"line":51,"column":21},"end":{"line":51,"column":40}},"29":{"start":{"line":52,"column":4},"end":{"line":52,"column":56}},"30":{"start":{"line":54,"column":23},"end":{"line":60,"column":5}},"31":{"start":{"line":62,"column":4},"end":{"line":72,"column":5}},"32":{"start":{"line":63,"column":23},"end":{"line":63,"column":94}},"33":{"start":{"line":64,"column":8},"end":{"line":64,"column":44}},"34":{"start":{"line":65,"column":8},"end":{"line":65,"column":47}},"35":{"start":{"line":68,"column":8},"end":{"line":68,"column":45}},"36":{"start":{"line":69,"column":8},"end":{"line":69,"column":40}},"37":{"start":{"line":75,"column":0},"end":{"line":89,"column":1}},"38":{"start":{"line":76,"column":21},"end":{"line":76,"column":40}},"39":{"start":{"line":78,"column":4},"end":{"line":78,"column":42}},"40":{"start":{"line":80,"column":4},"end":{"line":87,"column":5}},"41":{"start":{"line":81,"column":21},"end":{"line":81,"column":70}},"42":{"start":{"line":82,"column":6},"end":{"line":82,"column":43}},"43":{"start":{"line":83,"column":6},"end":{"line":83,"column":56}},"44":{"start":{"line":85,"column":6},"end":{"line":85,"column":28}},"45":{"start":{"line":86,"column":6},"end":{"line":86,"column":46}}},"fnMap":{"0":{"name":"(anonymous_0)","decl":{"start":{"line":4,"column":18},"end":{"line":4,"column":19}},"loc":{"start":{"line":4,"column":36},"end":{"line":14,"column":1}},"line":4},"1":{"name":"(anonymous_1)","decl":{"start":{"line":15,"column":18},"end":{"line":15,"column":19}},"loc":{"start":{"line":15,"column":37},"end":{"line":24,"column":1}},"line":15},"2":{"name":"(anonymous_2)","decl":{"start":{"line":25,"column":17},"end":{"line":25,"column":18}},"loc":{"start":{"line":25,"column":35},"end":{"line":49,"column":1}},"line":25},"3":{"name":"(anonymous_3)","decl":{"start":{"line":50,"column":17},"end":{"line":50,"column":18}},"loc":{"start":{"line":50,"column":35},"end":{"line":74,"column":1}},"line":50},"4":{"name":"(anonymous_4)","decl":{"start":{"line":75,"column":17},"end":{"line":75,"column":18}},"loc":{"start":{"line":75,"column":36},"end":{"line":89,"column":1}},"line":75}},"branchMap":{},"s":{"0":1,"1":1,"2":1,"3":1,"4":1,"5":1,"6":1,"7":1,"8":1,"9":0,"10":1,"11":1,"12":1,"13":1,"14":1,"15":1,"16":0,"17":1,"18":3,"19":3,"20":3,"21":3,"22":3,"23":1,"24":1,"25":2,"26":2,"27":1,"28":0,"29":0,"30":0,"31":0,"32":0,"33":0,"34":0,"35":0,"36":0,"37":1,"38":1,"39":1,"40":1,"41":1,"42":1,"43":1,"44":0,"45":0},"f":{"0":1,"1":1,"2":3,"3":0,"4":1},"b":{},"_coverageSchema":"1a1c01bbd47fc00a2c39e90264f33305004495a9","hash":"f1d37e12413b74cf0f4f74910580c5f411fd8864"}
,"C:\\Users\\Antonis Tramigos\\OneDrive\\AUEB\\coding-factory\\codingFactory5\\cp20\\NewApp2\\controllers\\user.products.controller.js": {"path":"C:\\Users\\Antonis Tramigos\\OneDrive\\AUEB\\coding-factory\\codingFactory5\\cp20\\NewApp2\\controllers\\user.products.controller.js","statementMap":{"0":{"start":{"line":1,"column":13},"end":{"line":1,"column":44}},"1":{"start":{"line":3,"column":0},"end":{"line":16,"column":1}},"2":{"start":{"line":4,"column":4},"end":{"line":4,"column":41}},"3":{"start":{"line":5,"column":4},"end":{"line":14,"column":5}},"4":{"start":{"line":6,"column":23},"end":{"line":6,"column":73}},"5":{"start":{"line":7,"column":8},"end":{"line":7,"column":44}},"6":{"start":{"line":8,"column":8},"end":{"line":8,"column":49}},"7":{"start":{"line":11,"column":8},"end":{"line":11,"column":41}},"8":{"start":{"line":12,"column":8},"end":{"line":12,"column":56}},"9":{"start":{"line":17,"column":0},"end":{"line":28,"column":1}},"10":{"start":{"line":18,"column":21},"end":{"line":18,"column":40}},"11":{"start":{"line":19,"column":4},"end":{"line":19,"column":51}},"12":{"start":{"line":20,"column":4},"end":{"line":27,"column":5}},"13":{"start":{"line":21,"column":23},"end":{"line":21,"column":94}},"14":{"start":{"line":22,"column":8},"end":{"line":22,"column":44}},"15":{"start":{"line":23,"column":8},"end":{"line":23,"column":65}},"16":{"start":{"line":25,"column":8},"end":{"line":25,"column":57}},"17":{"start":{"line":26,"column":8},"end":{"line":26,"column":40}},"18":{"start":{"line":29,"column":0},"end":{"line":50,"column":1}},"19":{"start":{"line":30,"column":21},"end":{"line":30,"column":38}},"20":{"start":{"line":31,"column":19},"end":{"line":31,"column":36}},"21":{"start":{"line":33,"column":2},"end":{"line":33,"column":54}},"22":{"start":{"line":35,"column":2},"end":{"line":49,"column":3}},"23":{"start":{"line":36,"column":19},"end":{"line":43,"column":5}},"24":{"start":{"line":44,"column":4},"end":{"line":44,"column":41}},"25":{"start":{"line":45,"column":4},"end":{"line":45,"column":34}},"26":{"start":{"line":47,"column":4},"end":{"line":47,"column":36}},"27":{"start":{"line":48,"column":4},"end":{"line":48,"column":32}},"28":{"start":{"line":51,"column":0},"end":{"line":67,"column":1}},"29":{"start":{"line":52,"column":21},"end":{"line":52,"column":40}},"30":{"start":{"line":53,"column":16},"end":{"line":53,"column":36}},"31":{"start":{"line":54,"column":21},"end":{"line":54,"column":46}},"32":{"start":{"line":56,"column":4},"end":{"line":56,"column":54}},"33":{"start":{"line":57,"column":4},"end":{"line":66,"column":5}},"34":{"start":{"line":58,"column":23},"end":{"line":60,"column":9}},"35":{"start":{"line":61,"column":8},"end":{"line":61,"column":43}},"36":{"start":{"line":62,"column":8},"end":{"line":62,"column":50}},"37":{"start":{"line":64,"column":8},"end":{"line":64,"column":30}},"38":{"start":{"line":65,"column":8},"end":{"line":65,"column":40}},"39":{"start":{"line":68,"column":0},"end":{"line":89,"column":1}},"40":{"start":{"line":69,"column":21},"end":{"line":69,"column":40}},"41":{"start":{"line":70,"column":14},"end":{"line":70,"column":27}},"42":{"start":{"line":72,"column":2},"end":{"line":72,"column":32}},"43":{"start":{"line":74,"column":2},"end":{"line":88,"column":3}},"44":{"start":{"line":75,"column":19},"end":{"line":82,"column":5}},"45":{"start":{"line":83,"column":4},"end":{"line":83,"column":41}},"46":{"start":{"line":84,"column":4},"end":{"line":84,"column":57}},"47":{"start":{"line":86,"column":4},"end":{"line":86,"column":37}},"48":{"start":{"line":87,"column":4},"end":{"line":87,"column":57}}},"fnMap":{"0":{"name":"(anonymous_0)","decl":{"start":{"line":3,"column":18},"end":{"line":3,"column":19}},"loc":{"start":{"line":3,"column":37},"end":{"line":16,"column":1}},"line":3},"1":{"name":"(anonymous_1)","decl":{"start":{"line":17,"column":17},"end":{"line":17,"column":18}},"loc":{"start":{"line":17,"column":34},"end":{"line":28,"column":1}},"line":17},"2":{"name":"(anonymous_2)","decl":{"start":{"line":29,"column":17},"end":{"line":29,"column":18}},"loc":{"start":{"line":29,"column":36},"end":{"line":50,"column":1}},"line":29},"3":{"name":"(anonymous_3)","decl":{"start":{"line":51,"column":17},"end":{"line":51,"column":18}},"loc":{"start":{"line":51,"column":34},"end":{"line":67,"column":1}},"line":51},"4":{"name":"(anonymous_4)","decl":{"start":{"line":68,"column":17},"end":{"line":68,"column":18}},"loc":{"start":{"line":68,"column":34},"end":{"line":89,"column":1}},"line":68}},"branchMap":{},"s":{"0":1,"1":1,"2":0,"3":0,"4":0,"5":0,"6":0,"7":0,"8":0,"9":1,"10":0,"11":0,"12":0,"13":0,"14":0,"15":0,"16":0,"17":0,"18":1,"19":0,"20":0,"21":0,"22":0,"23":0,"24":0,"25":0,"26":0,"27":0,"28":1,"29":0,"30":0,"31":0,"32":0,"33":0,"34":0,"35":0,"36":0,"37":0,"38":0,"39":1,"40":0,"41":0,"42":0,"43":0,"44":0,"45":0,"46":0,"47":0,"48":0},"f":{"0":0,"1":0,"2":0,"3":0,"4":0},"b":{},"_coverageSchema":"1a1c01bbd47fc00a2c39e90264f33305004495a9","hash":"c2ad52fb117e186e28940de890f0a423f61c4ff2"}
,"C:\\Users\\Antonis Tramigos\\OneDrive\\AUEB\\coding-factory\\codingFactory5\\cp20\\NewApp2\\helpers\\user.helper.js": {"path":"C:\\Users\\Antonis Tramigos\\OneDrive\\AUEB\\coding-factory\\codingFactory5\\cp20\\NewApp2\\helpers\\user.helper.js","statementMap":{"0":{"start":{"line":1,"column":13},"end":{"line":1,"column":44}},"1":{"start":{"line":4,"column":4},"end":{"line":4,"column":41}},"2":{"start":{"line":6,"column":4},"end":{"line":12,"column":5}},"3":{"start":{"line":7,"column":23},"end":{"line":7,"column":66}},"4":{"start":{"line":8,"column":8},"end":{"line":8,"column":25}},"5":{"start":{"line":10,"column":8},"end":{"line":10,"column":50}},"6":{"start":{"line":11,"column":8},"end":{"line":11,"column":20}},"7":{"start":{"line":15,"column":0},"end":{"line":15,"column":39}}},"fnMap":{"0":{"name":"findLastInsertedUser","decl":{"start":{"line":3,"column":15},"end":{"line":3,"column":35}},"loc":{"start":{"line":3,"column":38},"end":{"line":13,"column":1}},"line":3}},"branchMap":{},"s":{"0":1,"1":2,"2":2,"3":2,"4":2,"5":0,"6":0,"7":1},"f":{"0":2},"b":{},"_coverageSchema":"1a1c01bbd47fc00a2c39e90264f33305004495a9","hash":"d42de3ac72475bdb875195d6885808facc0fdaec"}
,"C:\\Users\\Antonis Tramigos\\OneDrive\\AUEB\\coding-factory\\codingFactory5\\cp20\\NewApp2\\logger\\logger.js": {"path":"C:\\Users\\Antonis Tramigos\\OneDrive\\AUEB\\coding-factory\\codingFactory5\\cp20\\NewApp2\\logger\\logger.js","statementMap":{"0":{"start":{"line":1,"column":45},"end":{"line":1,"column":63}},"1":{"start":{"line":2,"column":0},"end":{"line":2,"column":37}},"2":{"start":{"line":3,"column":0},"end":{"line":3,"column":27}},"3":{"start":{"line":5,"column":0},"end":{"line":5,"column":27}},"4":{"start":{"line":7,"column":51},"end":{"line":7,"column":57}},"5":{"start":{"line":9,"column":28},"end":{"line":14,"column":2}},"6":{"start":{"line":16,"column":15},"end":{"line":53,"column":2}},"7":{"start":{"line":55,"column":0},"end":{"line":55,"column":24}}},"fnMap":{},"branchMap":{},"s":{"0":1,"1":1,"2":1,"3":1,"4":1,"5":1,"6":1,"7":1},"f":{},"b":{},"_coverageSchema":"1a1c01bbd47fc00a2c39e90264f33305004495a9","hash":"9c5ec30ade7c3bb66ec503e15d333448d9de4bda"}
,"C:\\Users\\Antonis Tramigos\\OneDrive\\AUEB\\coding-factory\\codingFactory5\\cp20\\NewApp2\\models\\product.model.js": {"path":"C:\\Users\\Antonis Tramigos\\OneDrive\\AUEB\\coding-factory\\codingFactory5\\cp20\\NewApp2\\models\\product.model.js","statementMap":{"0":{"start":{"line":1,"column":18},"end":{"line":1,"column":37}},"1":{"start":{"line":2,"column":15},"end":{"line":2,"column":30}},"2":{"start":{"line":3,"column":24},"end":{"line":3,"column":60}},"3":{"start":{"line":5,"column":19},"end":{"line":13,"column":2}},"4":{"start":{"line":14,"column":0},"end":{"line":14,"column":56}}},"fnMap":{},"branchMap":{},"s":{"0":1,"1":1,"2":1,"3":1,"4":1},"f":{},"b":{},"_coverageSchema":"1a1c01bbd47fc00a2c39e90264f33305004495a9","hash":"6c683cafc23072e76a0d5a8cf1458b2caf8e138a"}
,"C:\\Users\\Antonis Tramigos\\OneDrive\\AUEB\\coding-factory\\codingFactory5\\cp20\\NewApp2\\models\\user.model.js": {"path":"C:\\Users\\Antonis Tramigos\\OneDrive\\AUEB\\coding-factory\\codingFactory5\\cp20\\NewApp2\\models\\user.model.js","statementMap":{"0":{"start":{"line":1,"column":17},"end":{"line":1,"column":36}},"1":{"start":{"line":2,"column":24},"end":{"line":2,"column":60}},"2":{"start":{"line":4,"column":15},"end":{"line":4,"column":30}},"3":{"start":{"line":6,"column":20},"end":{"line":9,"column":16}},"4":{"start":{"line":11,"column":18},"end":{"line":14,"column":16}},"5":{"start":{"line":16,"column":20},"end":{"line":21,"column":2}},"6":{"start":{"line":23,"column":17},"end":{"line":54,"column":2}},"7":{"start":{"line":56,"column":0},"end":{"line":56,"column":35}},"8":{"start":{"line":58,"column":0},"end":{"line":58,"column":51}}},"fnMap":{},"branchMap":{},"s":{"0":1,"1":1,"2":1,"3":1,"4":1,"5":1,"6":1,"7":1,"8":1},"f":{},"b":{},"_coverageSchema":"1a1c01bbd47fc00a2c39e90264f33305004495a9","hash":"8e29026a0a07508d4998b24929a8c52758c6c8a6"}
,"C:\\Users\\Antonis Tramigos\\OneDrive\\AUEB\\coding-factory\\codingFactory5\\cp20\\NewApp2\\routes\\user.products.routes.js": {"path":"C:\\Users\\Antonis Tramigos\\OneDrive\\AUEB\\coding-factory\\codingFactory5\\cp20\\NewApp2\\routes\\user.products.routes.js","statementMap":{"0":{"start":{"line":1,"column":16},"end":{"line":1,"column":34}},"1":{"start":{"line":2,"column":15},"end":{"line":2,"column":31}},"2":{"start":{"line":4,"column":30},"end":{"line":4,"column":80}},"3":{"start":{"line":6,"column":0},"end":{"line":6,"column":46}},"4":{"start":{"line":7,"column":0},"end":{"line":7,"column":55}},"5":{"start":{"line":8,"column":0},"end":{"line":8,"column":46}},"6":{"start":{"line":9,"column":0},"end":{"line":9,"column":56}},"7":{"start":{"line":10,"column":0},"end":{"line":10,"column":71}},"8":{"start":{"line":12,"column":0},"end":{"line":12,"column":23}}},"fnMap":{},"branchMap":{},"s":{"0":1,"1":1,"2":1,"3":1,"4":1,"5":1,"6":1,"7":1,"8":1},"f":{},"b":{},"_coverageSchema":"1a1c01bbd47fc00a2c39e90264f33305004495a9","hash":"7b47b710f4d2aba090d7230e7f92472e5969f319"}
,"C:\\Users\\Antonis Tramigos\\OneDrive\\AUEB\\coding-factory\\codingFactory5\\cp20\\NewApp2\\routes\\user.route.js": {"path":"C:\\Users\\Antonis Tramigos\\OneDrive\\AUEB\\coding-factory\\codingFactory5\\cp20\\NewApp2\\routes\\user.route.js","statementMap":{"0":{"start":{"line":1,"column":16},"end":{"line":1,"column":34}},"1":{"start":{"line":2,"column":15},"end":{"line":2,"column":31}},"2":{"start":{"line":3,"column":23},"end":{"line":3,"column":64}},"3":{"start":{"line":5,"column":0},"end":{"line":5,"column":40}},"4":{"start":{"line":6,"column":0},"end":{"line":6,"column":49}},"5":{"start":{"line":7,"column":0},"end":{"line":7,"column":39}},"6":{"start":{"line":8,"column":0},"end":{"line":8,"column":50}},"7":{"start":{"line":9,"column":0},"end":{"line":9,"column":51}},"8":{"start":{"line":10,"column":0},"end":{"line":10,"column":24}}},"fnMap":{},"branchMap":{},"s":{"0":1,"1":1,"2":1,"3":1,"4":1,"5":1,"6":1,"7":1,"8":1},"f":{},"b":{},"_coverageSchema":"1a1c01bbd47fc00a2c39e90264f33305004495a9","hash":"26b163384b04d9d02049e3faf562fc14c9ac2a90"}
}
